<?xml version="1.0" encoding="UTF-8"?>
<!-- Generated by org.testng.reporters.JUnitReportReporter -->
<testsuite hostname="DESKTOP-BNKUHHL" failures="0" tests="1" name="com.testcases.ProductTest" time="4.587" errors="0" timestamp="2021-06-24T16:44:48 IST" skipped="0">
  <testcase classname="com.testcases.ProductTest" name="addproducttocart" time="4.587"/>
  <system-out/>
</testsuite> <!-- com.testcases.ProductTest -->
