<?xml version="1.0" encoding="UTF-8"?>
<!-- Generated by org.testng.reporters.JUnitReportReporter -->
<testsuite hostname="DESKTOP-BNKUHHL" failures="0" tests="1" name="com.testcases.HomePageTest" time="6.119" errors="0" timestamp="2021-06-24T01:47:35 IST" skipped="0">
  <testcase classname="com.testcases.HomePageTest" name="chooseproduct" time="6.119"/>
  <system-out/>
</testsuite> <!-- com.testcases.HomePageTest -->
